<?xml version="1.0" encoding="UTF-8"?>
<testsuite name="DeckTest" tests="1" skipped="0" failures="0" errors="0" timestamp="2019-03-28T14:22:19" hostname="Anthonys-MacBook-Pro.local" time="0.002">
  <properties/>
  <testcase name="canBuildDeck" classname="DeckTest" time="0.002"/>
  <system-out><![CDATA[]]></system-out>
  <system-err><![CDATA[]]></system-err>
</testsuite>
